05:00:01.378 INFO - Launching a standalone server
Setting system property webdriver.chrome.driver to lib/chromedriver
05:00:01.413 INFO - Java: Oracle Corporation 23.7-b01
05:00:01.413 INFO - OS: Mac OS X 10.9.5 x86_64
05:00:01.422 INFO - v2.45.0, with Core v2.45.0. Built from revision 5017cb8
05:00:01.474 INFO - Default driver org.openqa.selenium.ie.InternetExplorerDriver registration is skipped: registration capabilities Capabilities [{platform=WINDOWS, ensureCleanSession=true, browserName=internet explorer, version=}] does not match with current platform: MAC
05:00:01.538 INFO - RemoteWebDriver instances should connect to: http://127.0.0.1:4444/wd/hub
05:00:01.539 INFO - Version Jetty/5.1.x
05:00:01.540 INFO - Started HttpContext[/selenium-server/driver,/selenium-server/driver]
05:00:01.541 INFO - Started HttpContext[/selenium-server,/selenium-server]
05:00:01.541 INFO - Started HttpContext[/,/]
05:00:01.557 INFO - Started org.openqa.jetty.jetty.servlet.ServletHandler@37411c67
05:00:01.557 INFO - Started HttpContext[/wd,/wd]
05:00:01.561 INFO - Started SocketListener on 0.0.0.0:4444
05:00:01.561 INFO - Started org.openqa.jetty.jetty.Server@359172db
05:00:01.765 INFO - Executing: [new session: Capabilities [{platform=ANY, acceptSslCerts=true, javascriptEnabled=true, phantomjs.page.settings.userAgent=Mozilla/5.0 (iPhone; CPU iPhone OS 7_0_2 like Mac OS X) AppleWebKit/537.51.1 (KHTML, like Gecko) Version/7.0 Mobile/11A4449d Safari/9537.53, browserName=phantomjs, name=Home, phantomjs.binary.path=lib/phantomjs}]])
05:00:01.774 INFO - Creating a new session for Capabilities [{platform=ANY, acceptSslCerts=true, javascriptEnabled=true, phantomjs.page.settings.userAgent=Mozilla/5.0 (iPhone; CPU iPhone OS 7_0_2 like Mac OS X) AppleWebKit/537.51.1 (KHTML, like Gecko) Version/7.0 Mobile/11A4449d Safari/9537.53, browserName=phantomjs, name=Home, phantomjs.binary.path=lib/phantomjs}]
05:00:01.780 INFO - executable: /Users/Veren/Sites/clienti/evomob/test-suite-v.1.1/lib/phantomjs
05:00:01.780 INFO - port: 45645
05:00:01.780 INFO - arguments: [--webdriver=45645, --webdriver-logfile=/Users/Veren/Sites/clienti/evomob/test-suite-v.1.1/phantomjsdriver.log]
05:00:01.780 INFO - environment: {}
[INFO  - 2015-04-20T03:00:02.462Z] GhostDriver - Main - running on port 45645
[INFO  - 2015-04-20T03:00:02.585Z] Session [56d99720-e709-11e4-b3e8-eb194dd561e2] - page.settings - {"XSSAuditingEnabled":false,"javascriptCanCloseWindows":true,"javascriptCanOpenWindows":true,"javascriptEnabled":true,"loadImages":true,"localToRemoteUrlAccessEnabled":false,"userAgent":"Mozilla/5.0 (iPhone; CPU iPhone OS 7_0_2 like Mac OS X) AppleWebKit/537.51.1 (KHTML, like Gecko) Version/7.0 Mobile/11A4449d Safari/9537.53","webSecurityEnabled":true}
[INFO  - 2015-04-20T03:00:02.585Z] Session [56d99720-e709-11e4-b3e8-eb194dd561e2] - page.customHeaders:  - {}
[INFO  - 2015-04-20T03:00:02.585Z] Session [56d99720-e709-11e4-b3e8-eb194dd561e2] - Session.negotiatedCapabilities - {"browserName":"phantomjs","version":"2.0.0","driverName":"ghostdriver","driverVersion":"1.2.0","platform":"mac-10.9 (Mavericks)-64bit","javascriptEnabled":true,"takesScreenshot":true,"handlesAlerts":false,"databaseEnabled":false,"locationContextEnabled":false,"applicationCacheEnabled":false,"browserConnectionEnabled":false,"cssSelectorsEnabled":true,"webStorageEnabled":false,"rotatable":false,"acceptSslCerts":false,"nativeEvents":true,"proxy":{"proxyType":"direct"},"phantomjs.page.settings.userAgent":"Mozilla/5.0 (iPhone; CPU iPhone OS 7_0_2 like Mac OS X) AppleWebKit/537.51.1 (KHTML, like Gecko) Version/7.0 Mobile/11A4449d Safari/9537.53"}
[INFO  - 2015-04-20T03:00:02.585Z] SessionManagerReqHand - _postNewSessionCommand - New Session Created: 56d99720-e709-11e4-b3e8-eb194dd561e2
05:00:02.623 INFO - Done: [new session: Capabilities [{platform=ANY, acceptSslCerts=true, javascriptEnabled=true, phantomjs.page.settings.userAgent=Mozilla/5.0 (iPhone; CPU iPhone OS 7_0_2 like Mac OS X) AppleWebKit/537.51.1 (KHTML, like Gecko) Version/7.0 Mobile/11A4449d Safari/9537.53, browserName=phantomjs, name=Home, phantomjs.binary.path=lib/phantomjs}]]
05:00:02.635 INFO - Executing: [get: http://www.ibs.it/])
05:00:03.781 INFO - Done: [get: http://www.ibs.it/]
05:00:03.787 INFO - Executing: [find element: By.cssSelector: .x-home])
05:00:03.826 INFO - Done: [find element: By.cssSelector: .x-home]
05:00:03.829 INFO - Executing: [is displayed: 0 [[PhantomJSDriver: phantomjs on OS X 10.9 (56d99720-e709-11e4-b3e8-eb194dd561e2)] -> css selector: .x-home]])
05:00:03.848 INFO - Done: [is displayed: 0 [[PhantomJSDriver: phantomjs on OS X 10.9 (56d99720-e709-11e4-b3e8-eb194dd561e2)] -> css selector: .x-home]]
05:00:03.854 INFO - Executing: [find element: By.cssSelector: html])
05:00:03.998 INFO - Done: [find element: By.cssSelector: html]
05:00:04.001 INFO - Executing: [get element attribute: 0 [[PhantomJSDriver: phantomjs on OS X 10.9 (56d99720-e709-11e4-b3e8-eb194dd561e2)] -> css selector: .x-home], class])
05:00:04.033 INFO - Done: [get element attribute: 0 [[PhantomJSDriver: phantomjs on OS X 10.9 (56d99720-e709-11e4-b3e8-eb194dd561e2)] -> css selector: .x-home], class]
05:00:04.037 INFO - Executing: [find element: By.cssSelector: .r-promoslider])
05:00:04.082 INFO - Done: [find element: By.cssSelector: .r-promoslider]
05:00:04.086 INFO - Executing: [find element: By.cssSelector: .r-promoslider])
05:00:04.094 INFO - Done: [find element: By.cssSelector: .r-promoslider]
05:00:04.097 INFO - Executing: [is displayed: 1 [[PhantomJSDriver: phantomjs on OS X 10.9 (56d99720-e709-11e4-b3e8-eb194dd561e2)] -> css selector: .r-promoslider]])
05:00:04.110 INFO - Done: [is displayed: 1 [[PhantomJSDriver: phantomjs on OS X 10.9 (56d99720-e709-11e4-b3e8-eb194dd561e2)] -> css selector: .r-promoslider]]
05:00:04.114 INFO - Executing: [find element: By.cssSelector: .itemCategory h3 a.ui-btn-up-e])
05:00:04.125 INFO - Done: [find element: By.cssSelector: .itemCategory h3 a.ui-btn-up-e]
05:00:04.128 INFO - Executing: [click: 2 [[PhantomJSDriver: phantomjs on OS X 10.9 (56d99720-e709-11e4-b3e8-eb194dd561e2)] -> css selector: .itemCategory h3 a.ui-btn-up-e]])
[ERROR - 2015-04-20T03:00:04.152Z] Session [56d99720-e709-11e4-b3e8-eb194dd561e2] - page.onError - msg: ReferenceError: Can't find variable: hide

  :262 in error
[ERROR - 2015-04-20T03:00:04.152Z] Session [56d99720-e709-11e4-b3e8-eb194dd561e2] - page.onError - stack:
  onclick (http://www.ibs.it/:1)
  dispatchEvent (:0)
  U (phantomjs://webpage.evaluate():119)
  $ (phantomjs://webpage.evaluate():108)
  $ (phantomjs://webpage.evaluate():101)
  gh (phantomjs://webpage.evaluate():141)
  sh (phantomjs://webpage.evaluate():152)
  (anonymous function) (phantomjs://webpage.evaluate():152)
  (anonymous function) (phantomjs://webpage.evaluate():152)
  (anonymous function) (phantomjs://webpage.evaluate():153)

  :262 in error
05:00:04.167 INFO - Done: [click: 2 [[PhantomJSDriver: phantomjs on OS X 10.9 (56d99720-e709-11e4-b3e8-eb194dd561e2)] -> css selector: .itemCategory h3 a.ui-btn-up-e]]
05:00:04.170 INFO - Executing: [find element: By.cssSelector: .productGrid img])
05:00:04.182 INFO - Done: [find element: By.cssSelector: .productGrid img]
05:00:04.187 INFO - Executing: [find element: By.cssSelector: .productGrid img])
05:00:04.204 INFO - Done: [find element: By.cssSelector: .productGrid img]
05:00:04.207 INFO - Executing: [find element: By.cssSelector: .itemCategory h3 a.ui-btn-up-l])
05:00:04.219 INFO - Done: [find element: By.cssSelector: .itemCategory h3 a.ui-btn-up-l]
05:00:04.221 INFO - Executing: [click: 4 [[PhantomJSDriver: phantomjs on OS X 10.9 (56d99720-e709-11e4-b3e8-eb194dd561e2)] -> css selector: .itemCategory h3 a.ui-btn-up-l]])
[ERROR - 2015-04-20T03:00:04.246Z] Session [56d99720-e709-11e4-b3e8-eb194dd561e2] - page.onError - msg: ReferenceError: Can't find variable: hide

  :262 in error
[ERROR - 2015-04-20T03:00:04.246Z] Session [56d99720-e709-11e4-b3e8-eb194dd561e2] - page.onError - stack:
  onclick (http://www.ibs.it/:1)
  dispatchEvent (:0)
  U (phantomjs://webpage.evaluate():119)
  $ (phantomjs://webpage.evaluate():108)
  $ (phantomjs://webpage.evaluate():101)
  gh (phantomjs://webpage.evaluate():141)
  sh (phantomjs://webpage.evaluate():152)
  (anonymous function) (phantomjs://webpage.evaluate():152)
  (anonymous function) (phantomjs://webpage.evaluate():152)
  (anonymous function) (phantomjs://webpage.evaluate():153)

  :262 in error
05:00:04.274 INFO - Done: [click: 4 [[PhantomJSDriver: phantomjs on OS X 10.9 (56d99720-e709-11e4-b3e8-eb194dd561e2)] -> css selector: .itemCategory h3 a.ui-btn-up-l]]
05:00:04.278 INFO - Executing: [find element: By.cssSelector: .productGrid img])
05:00:04.287 INFO - Done: [find element: By.cssSelector: .productGrid img]
05:00:04.291 INFO - Executing: [find element: By.cssSelector: .productGrid img])
05:00:04.300 INFO - Done: [find element: By.cssSelector: .productGrid img]
05:00:04.304 INFO - Executing: [find element: By.cssSelector: .itemCategory h3 a.ui-btn-up-m])
05:00:04.315 INFO - Done: [find element: By.cssSelector: .itemCategory h3 a.ui-btn-up-m]
05:00:04.318 INFO - Executing: [click: 5 [[PhantomJSDriver: phantomjs on OS X 10.9 (56d99720-e709-11e4-b3e8-eb194dd561e2)] -> css selector: .itemCategory h3 a.ui-btn-up-m]])
[ERROR - 2015-04-20T03:00:04.396Z] Session [56d99720-e709-11e4-b3e8-eb194dd561e2] - page.onError - msg: ReferenceError: Can't find variable: hide

  :262 in error
[ERROR - 2015-04-20T03:00:04.397Z] Session [56d99720-e709-11e4-b3e8-eb194dd561e2] - page.onError - stack:
  onclick (http://www.ibs.it/:1)
  dispatchEvent (:0)
  U (phantomjs://webpage.evaluate():119)
  $ (phantomjs://webpage.evaluate():108)
  $ (phantomjs://webpage.evaluate():101)
  gh (phantomjs://webpage.evaluate():141)
  sh (phantomjs://webpage.evaluate():152)
  (anonymous function) (phantomjs://webpage.evaluate():152)
  (anonymous function) (phantomjs://webpage.evaluate():152)
  (anonymous function) (phantomjs://webpage.evaluate():153)

  :262 in error
05:00:04.411 INFO - Done: [click: 5 [[PhantomJSDriver: phantomjs on OS X 10.9 (56d99720-e709-11e4-b3e8-eb194dd561e2)] -> css selector: .itemCategory h3 a.ui-btn-up-m]]
05:00:04.414 INFO - Executing: [find element: By.cssSelector: .productGrid img])
05:00:04.422 INFO - Done: [find element: By.cssSelector: .productGrid img]
05:00:04.425 INFO - Executing: [find element: By.cssSelector: .productGrid img])
05:00:04.433 INFO - Done: [find element: By.cssSelector: .productGrid img]
05:00:04.436 INFO - Executing: [find element: By.cssSelector: .itemCategory h3 a.ui-btn-up-d])
05:00:04.449 INFO - Done: [find element: By.cssSelector: .itemCategory h3 a.ui-btn-up-d]
05:00:04.452 INFO - Executing: [click: 6 [[PhantomJSDriver: phantomjs on OS X 10.9 (56d99720-e709-11e4-b3e8-eb194dd561e2)] -> css selector: .itemCategory h3 a.ui-btn-up-d]])
[ERROR - 2015-04-20T03:00:04.476Z] Session [56d99720-e709-11e4-b3e8-eb194dd561e2] - page.onError - msg: ReferenceError: Can't find variable: hide

  :262 in error
[ERROR - 2015-04-20T03:00:04.476Z] Session [56d99720-e709-11e4-b3e8-eb194dd561e2] - page.onError - stack:
  onclick (http://www.ibs.it/:1)
  dispatchEvent (:0)
  U (phantomjs://webpage.evaluate():119)
  $ (phantomjs://webpage.evaluate():108)
  $ (phantomjs://webpage.evaluate():101)
  gh (phantomjs://webpage.evaluate():141)
  sh (phantomjs://webpage.evaluate():152)
  (anonymous function) (phantomjs://webpage.evaluate():152)
  (anonymous function) (phantomjs://webpage.evaluate():152)
  (anonymous function) (phantomjs://webpage.evaluate():153)

  :262 in error
05:00:04.490 INFO - Done: [click: 6 [[PhantomJSDriver: phantomjs on OS X 10.9 (56d99720-e709-11e4-b3e8-eb194dd561e2)] -> css selector: .itemCategory h3 a.ui-btn-up-d]]
05:00:04.493 INFO - Executing: [find element: By.cssSelector: .productGrid img])
05:00:04.501 INFO - Done: [find element: By.cssSelector: .productGrid img]
05:00:04.504 INFO - Executing: [find element: By.cssSelector: .productGrid img])
05:00:04.513 INFO - Done: [find element: By.cssSelector: .productGrid img]
05:00:04.516 INFO - Executing: [find element: By.cssSelector: .itemCategory h3 a.ui-btn-up-g])
05:00:04.529 INFO - Done: [find element: By.cssSelector: .itemCategory h3 a.ui-btn-up-g]
05:00:04.531 INFO - Executing: [click: 7 [[PhantomJSDriver: phantomjs on OS X 10.9 (56d99720-e709-11e4-b3e8-eb194dd561e2)] -> css selector: .itemCategory h3 a.ui-btn-up-g]])
[ERROR - 2015-04-20T03:00:04.570Z] Session [56d99720-e709-11e4-b3e8-eb194dd561e2] - page.onError - msg: ReferenceError: Can't find variable: hide

  :262 in error
[ERROR - 2015-04-20T03:00:04.570Z] Session [56d99720-e709-11e4-b3e8-eb194dd561e2] - page.onError - stack:
  onclick (http://www.ibs.it/:1)
  dispatchEvent (:0)
  U (phantomjs://webpage.evaluate():119)
  $ (phantomjs://webpage.evaluate():108)
  $ (phantomjs://webpage.evaluate():101)
  gh (phantomjs://webpage.evaluate():141)
  sh (phantomjs://webpage.evaluate():152)
  (anonymous function) (phantomjs://webpage.evaluate():152)
  (anonymous function) (phantomjs://webpage.evaluate():152)
  (anonymous function) (phantomjs://webpage.evaluate():153)

  :262 in error
05:00:04.584 INFO - Done: [click: 7 [[PhantomJSDriver: phantomjs on OS X 10.9 (56d99720-e709-11e4-b3e8-eb194dd561e2)] -> css selector: .itemCategory h3 a.ui-btn-up-g]]
05:00:04.587 INFO - Executing: [find element: By.cssSelector: .productGrid img])
05:00:04.594 INFO - Done: [find element: By.cssSelector: .productGrid img]
05:00:04.598 INFO - Executing: [find element: By.cssSelector: .productGrid img])
05:00:04.605 INFO - Done: [find element: By.cssSelector: .productGrid img]
05:00:04.608 INFO - Executing: [find element: By.cssSelector: .itemCategory h3 a.ui-btn-up-j])
05:00:04.620 INFO - Done: [find element: By.cssSelector: .itemCategory h3 a.ui-btn-up-j]
05:00:04.622 INFO - Executing: [click: 8 [[PhantomJSDriver: phantomjs on OS X 10.9 (56d99720-e709-11e4-b3e8-eb194dd561e2)] -> css selector: .itemCategory h3 a.ui-btn-up-j]])
[ERROR - 2015-04-20T03:00:04.643Z] Session [56d99720-e709-11e4-b3e8-eb194dd561e2] - page.onError - msg: ReferenceError: Can't find variable: hide

  :262 in error
[ERROR - 2015-04-20T03:00:04.643Z] Session [56d99720-e709-11e4-b3e8-eb194dd561e2] - page.onError - stack:
  onclick (http://www.ibs.it/:1)
  dispatchEvent (:0)
  U (phantomjs://webpage.evaluate():119)
  $ (phantomjs://webpage.evaluate():108)
  $ (phantomjs://webpage.evaluate():101)
  gh (phantomjs://webpage.evaluate():141)
  sh (phantomjs://webpage.evaluate():152)
  (anonymous function) (phantomjs://webpage.evaluate():152)
  (anonymous function) (phantomjs://webpage.evaluate():152)
  (anonymous function) (phantomjs://webpage.evaluate():153)

  :262 in error
05:00:04.657 INFO - Done: [click: 8 [[PhantomJSDriver: phantomjs on OS X 10.9 (56d99720-e709-11e4-b3e8-eb194dd561e2)] -> css selector: .itemCategory h3 a.ui-btn-up-j]]
05:00:04.660 INFO - Executing: [find element: By.cssSelector: .productGrid img])
05:00:04.667 INFO - Done: [find element: By.cssSelector: .productGrid img]
05:00:04.677 INFO - Executing: [find element: By.cssSelector: .productGrid img])
05:00:04.685 INFO - Done: [find element: By.cssSelector: .productGrid img]
05:00:04.689 INFO - Executing: [find element: By.cssSelector: .itemCategory h3 a.ui-btn-up-i])
05:00:04.700 INFO - Done: [find element: By.cssSelector: .itemCategory h3 a.ui-btn-up-i]
05:00:04.702 INFO - Executing: [click: 9 [[PhantomJSDriver: phantomjs on OS X 10.9 (56d99720-e709-11e4-b3e8-eb194dd561e2)] -> css selector: .itemCategory h3 a.ui-btn-up-i]])
[ERROR - 2015-04-20T03:00:04.723Z] Session [56d99720-e709-11e4-b3e8-eb194dd561e2] - page.onError - msg: ReferenceError: Can't find variable: hide

  :262 in error
[ERROR - 2015-04-20T03:00:04.723Z] Session [56d99720-e709-11e4-b3e8-eb194dd561e2] - page.onError - stack:
  onclick (http://www.ibs.it/:1)
  dispatchEvent (:0)
  U (phantomjs://webpage.evaluate():119)
  $ (phantomjs://webpage.evaluate():108)
  $ (phantomjs://webpage.evaluate():101)
  gh (phantomjs://webpage.evaluate():141)
  sh (phantomjs://webpage.evaluate():152)
  (anonymous function) (phantomjs://webpage.evaluate():152)
  (anonymous function) (phantomjs://webpage.evaluate():152)
  (anonymous function) (phantomjs://webpage.evaluate():153)

  :262 in error
05:00:04.736 INFO - Done: [click: 9 [[PhantomJSDriver: phantomjs on OS X 10.9 (56d99720-e709-11e4-b3e8-eb194dd561e2)] -> css selector: .itemCategory h3 a.ui-btn-up-i]]
05:00:04.740 INFO - Executing: [find element: By.cssSelector: .productGrid img])
05:00:04.748 INFO - Done: [find element: By.cssSelector: .productGrid img]
05:00:04.752 INFO - Executing: [find element: By.cssSelector: .productGrid img])
05:00:04.759 INFO - Done: [find element: By.cssSelector: .productGrid img]
05:00:04.762 INFO - Executing: [find element: By.cssSelector: .itemCategory h3 a.ui-btn-up-f])
05:00:04.773 INFO - Done: [find element: By.cssSelector: .itemCategory h3 a.ui-btn-up-f]
05:00:04.775 INFO - Executing: [click: 10 [[PhantomJSDriver: phantomjs on OS X 10.9 (56d99720-e709-11e4-b3e8-eb194dd561e2)] -> css selector: .itemCategory h3 a.ui-btn-up-f]])
[ERROR - 2015-04-20T03:00:04.796Z] Session [56d99720-e709-11e4-b3e8-eb194dd561e2] - page.onError - msg: ReferenceError: Can't find variable: hide

  :262 in error
[ERROR - 2015-04-20T03:00:04.796Z] Session [56d99720-e709-11e4-b3e8-eb194dd561e2] - page.onError - stack:
  onclick (http://www.ibs.it/:1)
  dispatchEvent (:0)
  U (phantomjs://webpage.evaluate():119)
  $ (phantomjs://webpage.evaluate():108)
  $ (phantomjs://webpage.evaluate():101)
  gh (phantomjs://webpage.evaluate():141)
  sh (phantomjs://webpage.evaluate():152)
  (anonymous function) (phantomjs://webpage.evaluate():152)
  (anonymous function) (phantomjs://webpage.evaluate():152)
  (anonymous function) (phantomjs://webpage.evaluate():153)

  :262 in error
05:00:04.809 INFO - Done: [click: 10 [[PhantomJSDriver: phantomjs on OS X 10.9 (56d99720-e709-11e4-b3e8-eb194dd561e2)] -> css selector: .itemCategory h3 a.ui-btn-up-f]]
05:00:04.812 INFO - Executing: [find element: By.cssSelector: .productGrid img])
05:00:04.819 INFO - Done: [find element: By.cssSelector: .productGrid img]
05:00:04.822 INFO - Executing: [find element: By.cssSelector: .productGrid img])
05:00:04.829 INFO - Done: [find element: By.cssSelector: .productGrid img]
05:00:04.832 INFO - Executing: [find element: By.cssSelector: .itemCategory h3 a.ui-btn-up-k])
05:00:04.844 INFO - Done: [find element: By.cssSelector: .itemCategory h3 a.ui-btn-up-k]
05:00:04.846 INFO - Executing: [click: 11 [[PhantomJSDriver: phantomjs on OS X 10.9 (56d99720-e709-11e4-b3e8-eb194dd561e2)] -> css selector: .itemCategory h3 a.ui-btn-up-k]])
[ERROR - 2015-04-20T03:00:04.868Z] Session [56d99720-e709-11e4-b3e8-eb194dd561e2] - page.onError - msg: ReferenceError: Can't find variable: hide

  :262 in error
[ERROR - 2015-04-20T03:00:04.868Z] Session [56d99720-e709-11e4-b3e8-eb194dd561e2] - page.onError - stack:
  onclick (http://www.ibs.it/:1)
  dispatchEvent (:0)
  U (phantomjs://webpage.evaluate():119)
  $ (phantomjs://webpage.evaluate():108)
  $ (phantomjs://webpage.evaluate():101)
  gh (phantomjs://webpage.evaluate():141)
  sh (phantomjs://webpage.evaluate():152)
  (anonymous function) (phantomjs://webpage.evaluate():152)
  (anonymous function) (phantomjs://webpage.evaluate():152)
  (anonymous function) (phantomjs://webpage.evaluate():153)

  :262 in error
05:00:04.881 INFO - Done: [click: 11 [[PhantomJSDriver: phantomjs on OS X 10.9 (56d99720-e709-11e4-b3e8-eb194dd561e2)] -> css selector: .itemCategory h3 a.ui-btn-up-k]]
05:00:04.885 INFO - Executing: [find element: By.cssSelector: .productGrid img])
05:00:04.891 INFO - Done: [find element: By.cssSelector: .productGrid img]
05:00:04.894 INFO - Executing: [find element: By.cssSelector: .productGrid img])
05:00:04.902 INFO - Done: [find element: By.cssSelector: .productGrid img]
05:00:04.904 INFO - Executing: [find element: By.cssSelector: .itemCategory h3 a.ui-btn-up-p])
05:00:04.916 INFO - Done: [find element: By.cssSelector: .itemCategory h3 a.ui-btn-up-p]
05:00:04.918 INFO - Executing: [click: 12 [[PhantomJSDriver: phantomjs on OS X 10.9 (56d99720-e709-11e4-b3e8-eb194dd561e2)] -> css selector: .itemCategory h3 a.ui-btn-up-p]])
[ERROR - 2015-04-20T03:00:04.942Z] Session [56d99720-e709-11e4-b3e8-eb194dd561e2] - page.onError - msg: ReferenceError: Can't find variable: hide

  :262 in error
[ERROR - 2015-04-20T03:00:04.942Z] Session [56d99720-e709-11e4-b3e8-eb194dd561e2] - page.onError - stack:
  onclick (http://www.ibs.it/:1)
  dispatchEvent (:0)
  U (phantomjs://webpage.evaluate():119)
  $ (phantomjs://webpage.evaluate():108)
  $ (phantomjs://webpage.evaluate():101)
  gh (phantomjs://webpage.evaluate():141)
  sh (phantomjs://webpage.evaluate():152)
  (anonymous function) (phantomjs://webpage.evaluate():152)
  (anonymous function) (phantomjs://webpage.evaluate():152)
  (anonymous function) (phantomjs://webpage.evaluate():153)

  :262 in error
05:00:04.955 INFO - Done: [click: 12 [[PhantomJSDriver: phantomjs on OS X 10.9 (56d99720-e709-11e4-b3e8-eb194dd561e2)] -> css selector: .itemCategory h3 a.ui-btn-up-p]]
05:00:04.958 INFO - Executing: [find element: By.cssSelector: .productGrid img])
05:00:04.965 INFO - Done: [find element: By.cssSelector: .productGrid img]
05:00:04.968 INFO - Executing: [find element: By.cssSelector: .productGrid img])
05:00:04.975 INFO - Done: [find element: By.cssSelector: .productGrid img]
05:00:04.978 INFO - Executing: [delete session: 0b7b5092-c314-4aeb-a526-dde625097011])
[INFO  - 2015-04-20T03:00:04.985Z] ShutdownReqHand - _handle - About to shutdown
05:00:05.539 INFO - Done: [delete session: 0b7b5092-c314-4aeb-a526-dde625097011]
05:00:05.555 INFO - Shutting down...
